# JRE version: Java(TM) SE Runtime Environment (21.0.1+12) (build 21.0.1+12-LTS-29)
# Java VM: Java HotSpot(TM) 64-Bit Server VM (21.0.1+12-LTS-29, mixed mode, sharing, tiered, compressed oops, compressed class ptrs, g1 gc, windows-amd64)
GC Precious Log:
 CardTable entry size: 512
 Card Set container configuration: InlinePtr #cards 5 size 8 Array Of Cards #cards 12 size 40 Howl #buckets 4 coarsen threshold 1843 Howl Bitmap #cards 512 size 80 coarsen threshold 460 Card regions per heap region 1 cards per card region 2048
 CPUs: 8 total, 8 available
 Memory: 8052M
 Large Page Support: Disabled
 NUMA Support: Disabled
 Compressed Oops: Enabled (32-bit)
 Heap Region Size: 1M
 Heap Min Capacity: 256M
 Heap Initial Capacity: 256M
 Heap Max Capacity: 512M
 Pre-touch: Disabled
 Parallel Workers: 8
 Concurrent Workers: 2
 Concurrent Refinement Workers: 8
 Periodic GC: Disabled
Heap:
 garbage-first heap   total 267264K, used 171438K [0x00000000e0000000, 0x0000000100000000)
  region size 1024K, 36 young (36864K), 14 survivors (14336K)
 Metaspace       used 73154K, committed 75456K, reserved 393216K
  class space    used 10193K, committed 11328K, reserved 327680K
GC Heap History (20 events):
Event: 5.118 GC heap before
{Heap before GC invocations=2 (full 0):
 garbage-first heap   total 262144K, used 119005K [0x00000000e0000000, 0x0000000100000000)
  region size 1024K, 106 young (108544K), 1 survivors (1024K)
 Metaspace       used 20852K, committed 21504K, reserved 393216K
  class space    used 2995K, committed 3328K, reserved 327680K
}
Event: 5.129 GC heap after
{Heap after GC invocations=3 (full 0):
 garbage-first heap   total 262144K, used 23384K [0x00000000e0000000, 0x0000000100000000)
  region size 1024K, 13 young (13312K), 13 survivors (13312K)
 Metaspace       used 20852K, committed 21504K, reserved 393216K
  class space    used 2995K, committed 3328K, reserved 327680K
}
Event: 7.637 GC heap before
{Heap before GC invocations=4 (full 0):
 garbage-first heap   total 262144K, used 133976K [0x00000000e0000000, 0x0000000100000000)
  region size 1024K, 108 young (110592K), 13 survivors (13312K)
 Metaspace       used 34691K, committed 35968K, reserved 393216K
  class space    used 5070K, committed 5696K, reserved 327680K
}
Event: 7.651 GC heap after
{Heap after GC invocations=5 (full 0):
 garbage-first heap   total 262144K, used 47599K [0x00000000e0000000, 0x0000000100000000)
  region size 1024K, 10 young (10240K), 10 survivors (10240K)
 Metaspace       used 34691K, committed 35968K, reserved 393216K
  class space    used 5070K, committed 5696K, reserved 327680K
}
Event: 7.690 GC heap before
{Heap before GC invocations=5 (full 0):
 garbage-first heap   total 262144K, used 49647K [0x00000000e0000000, 0x0000000100000000)
  region size 1024K, 13 young (13312K), 10 survivors (10240K)
 Metaspace       used 35017K, committed 36288K, reserved 393216K
  class space    used 5116K, committed 5760K, reserved 327680K
}
Event: 7.704 GC heap after
{Heap after GC invocations=6 (full 0):
 garbage-first heap   total 262144K, used 48430K [0x00000000e0000000, 0x0000000100000000)
  region size 1024K, 2 young (2048K), 2 survivors (2048K)
 Metaspace       used 35017K, committed 36288K, reserved 393216K
  class space    used 5116K, committed 5760K, reserved 327680K
}
Event: 7.739 GC heap before
{Heap before GC invocations=6 (full 0):
 garbage-first heap   total 262144K, used 49454K [0x00000000e0000000, 0x0000000100000000)
  region size 1024K, 4 young (4096K), 2 survivors (2048K)
 Metaspace       used 35277K, committed 36608K, reserved 393216K
  class space    used 5151K, committed 5824K, reserved 327680K
}
Event: 7.741 GC heap after
{Heap after GC invocations=7 (full 0):
 garbage-first heap   total 262144K, used 47766K [0x00000000e0000000, 0x0000000100000000)
  region size 1024K, 1 young (1024K), 1 survivors (1024K)
 Metaspace       used 35277K, committed 36608K, reserved 393216K
  class space    used 5151K, committed 5824K, reserved 327680K
}
Event: 10.940 GC heap before
{Heap before GC invocations=8 (full 0):
 garbage-first heap   total 262144K, used 218774K [0x00000000e0000000, 0x0000000100000000)
  region size 1024K, 153 young (156672K), 1 survivors (1024K)
 Metaspace       used 50348K, committed 52160K, reserved 393216K
  class space    used 7211K, committed 8064K, reserved 327680K
}
Event: 10.956 GC heap after
{Heap after GC invocations=9 (full 0):
 garbage-first heap   total 262144K, used 70086K [0x00000000e0000000, 0x0000000100000000)
  region size 1024K, 14 young (14336K), 14 survivors (14336K)
 Metaspace       used 50348K, committed 52160K, reserved 393216K
  class space    used 7211K, committed 8064K, reserved 327680K
}
Event: 13.158 GC heap before
{Heap before GC invocations=9 (full 0):
 garbage-first heap   total 262144K, used 235974K [0x00000000e0000000, 0x0000000100000000)
  region size 1024K, 135 young (138240K), 14 survivors (14336K)
 Metaspace       used 59562K, committed 61568K, reserved 393216K
  class space    used 8708K, committed 9728K, reserved 327680K
}
Event: 13.176 GC heap after
{Heap after GC invocations=10 (full 0):
 garbage-first heap   total 267264K, used 127123K [0x00000000e0000000, 0x0000000100000000)
  region size 1024K, 14 young (14336K), 14 survivors (14336K)
 Metaspace       used 59562K, committed 61568K, reserved 393216K
  class space    used 8708K, committed 9728K, reserved 327680K
}
Event: 13.263 GC heap before
{Heap before GC invocations=10 (full 0):
 garbage-first heap   total 267264K, used 132243K [0x00000000e0000000, 0x0000000100000000)
  region size 1024K, 20 young (20480K), 14 survivors (14336K)
 Metaspace       used 59876K, committed 61888K, reserved 393216K
  class space    used 8761K, committed 9792K, reserved 327680K
}
Event: 13.271 GC heap after
{Heap after GC invocations=11 (full 0):
 garbage-first heap   total 267264K, used 128424K [0x00000000e0000000, 0x0000000100000000)
  region size 1024K, 2 young (2048K), 2 survivors (2048K)
 Metaspace       used 59876K, committed 61888K, reserved 393216K
  class space    used 8761K, committed 9792K, reserved 327680K
}
Event: 15.350 GC heap before
{Heap before GC invocations=12 (full 0):
 garbage-first heap   total 267264K, used 240040K [0x00000000e0000000, 0x0000000100000000)
  region size 1024K, 111 young (113664K), 2 survivors (2048K)
 Metaspace       used 64743K, committed 66944K, reserved 393216K
  class space    used 9295K, committed 10368K, reserved 327680K
}
Event: 15.361 GC heap after
{Heap after GC invocations=13 (full 0):
 garbage-first heap   total 267264K, used 136192K [0x00000000e0000000, 0x0000000100000000)
  region size 1024K, 9 young (9216K), 9 survivors (9216K)
 Metaspace       used 64743K, committed 66944K, reserved 393216K
  class space    used 9295K, committed 10368K, reserved 327680K
}
Event: 17.032 GC heap before
{Heap before GC invocations=13 (full 0):
 garbage-first heap   total 267264K, used 241664K [0x00000000e0000000, 0x0000000100000000)
  region size 1024K, 111 young (113664K), 9 survivors (9216K)
 Metaspace       used 69486K, committed 71744K, reserved 393216K
  class space    used 9748K, committed 10880K, reserved 327680K
}
Event: 17.045 GC heap after
{Heap after GC invocations=14 (full 0):
 garbage-first heap   total 267264K, used 139762K [0x00000000e0000000, 0x0000000100000000)
  region size 1024K, 7 young (7168K), 7 survivors (7168K)
 Metaspace       used 69486K, committed 71744K, reserved 393216K
  class space    used 9748K, committed 10880K, reserved 327680K
}
Event: 22.946 GC heap before
{Heap before GC invocations=14 (full 0):
 garbage-first heap   total 267264K, used 241138K [0x00000000e0000000, 0x0000000100000000)
  region size 1024K, 107 young (109568K), 7 survivors (7168K)
 Metaspace       used 73077K, committed 75456K, reserved 393216K
  class space    used 10193K, committed 11328K, reserved 327680K
}
Event: 22.964 GC heap after
{Heap after GC invocations=15 (full 0):
 garbage-first heap   total 267264K, used 149934K [0x00000000e0000000, 0x0000000100000000)
  region size 1024K, 14 young (14336K), 14 survivors (14336K)
 Metaspace       used 73077K, committed 75456K, reserved 393216K
  class space    used 10193K, committed 11328K, reserved 327680K
}

